Determining if the pthread_create exist failed with the following output:
Change Dir: /home/server-adm/robot_ws/src/gym-gazebo/gym_gazebo/envs/installation/catkin_ws/build/CMakeFiles/CMakeTmp

Run Build Command:"/usr/bin/make" "cmTC_ef944/fast"
/usr/bin/make -f CMakeFiles/cmTC_ef944.dir/build.make CMakeFiles/cmTC_ef944.dir/build
make[1] : on entre dans le répertoire « /home/server-adm/robot_ws/src/gym-gazebo/gym_gazebo/envs/installation/catkin_ws/build/CMakeFiles/CMakeTmp »
Building C object CMakeFiles/cmTC_ef944.dir/CheckSymbolExists.c.o
/usr/bin/cc     -o CMakeFiles/cmTC_ef944.dir/CheckSymbolExists.c.o   -c /home/server-adm/robot_ws/src/gym-gazebo/gym_gazebo/envs/installation/catkin_ws/build/CMakeFiles/CMakeTmp/CheckSymbolExists.c
Linking C executable cmTC_ef944
/usr/bin/cmake -E cmake_link_script CMakeFiles/cmTC_ef944.dir/link.txt --verbose=1
/usr/bin/cc       CMakeFiles/cmTC_ef944.dir/CheckSymbolExists.c.o  -o cmTC_ef944 -rdynamic 
CMakeFiles/cmTC_ef944.dir/CheckSymbolExists.c.o : Dans la fonction « main » :
CheckSymbolExists.c:(.text+0x16) : référence indéfinie vers « pthread_create »
collect2: error: ld returned 1 exit status
CMakeFiles/cmTC_ef944.dir/build.make:97 : la recette pour la cible « cmTC_ef944 » a échouée
make[1]: *** [cmTC_ef944] Erreur 1
make[1] : on quitte le répertoire « /home/server-adm/robot_ws/src/gym-gazebo/gym_gazebo/envs/installation/catkin_ws/build/CMakeFiles/CMakeTmp »
Makefile:126 : la recette pour la cible « cmTC_ef944/fast » a échouée
make: *** [cmTC_ef944/fast] Erreur 2

File /home/server-adm/robot_ws/src/gym-gazebo/gym_gazebo/envs/installation/catkin_ws/build/CMakeFiles/CMakeTmp/CheckSymbolExists.c:
/* */
#include <pthread.h>

int main(int argc, char** argv)
{
  (void)argv;
#ifndef pthread_create
  return ((int*)(&pthread_create))[argc];
#else
  (void)argc;
  return 0;
#endif
}

Determining if the function pthread_create exists in the pthreads failed with the following output:
Change Dir: /home/server-adm/robot_ws/src/gym-gazebo/gym_gazebo/envs/installation/catkin_ws/build/CMakeFiles/CMakeTmp

Run Build Command:"/usr/bin/make" "cmTC_ec3ce/fast"
/usr/bin/make -f CMakeFiles/cmTC_ec3ce.dir/build.make CMakeFiles/cmTC_ec3ce.dir/build
make[1] : on entre dans le répertoire « /home/server-adm/robot_ws/src/gym-gazebo/gym_gazebo/envs/installation/catkin_ws/build/CMakeFiles/CMakeTmp »
Building C object CMakeFiles/cmTC_ec3ce.dir/CheckFunctionExists.c.o
/usr/bin/cc    -DCHECK_FUNCTION_EXISTS=pthread_create   -o CMakeFiles/cmTC_ec3ce.dir/CheckFunctionExists.c.o   -c /usr/share/cmake-3.5/Modules/CheckFunctionExists.c
Linking C executable cmTC_ec3ce
/usr/bin/cmake -E cmake_link_script CMakeFiles/cmTC_ec3ce.dir/link.txt --verbose=1
/usr/bin/cc   -DCHECK_FUNCTION_EXISTS=pthread_create    CMakeFiles/cmTC_ec3ce.dir/CheckFunctionExists.c.o  -o cmTC_ec3ce -rdynamic -lpthreads 
/usr/bin/ld : ne peut trouver -lpthreads
collect2: error: ld returned 1 exit status
CMakeFiles/cmTC_ec3ce.dir/build.make:97 : la recette pour la cible « cmTC_ec3ce » a échouée
make[1]: *** [cmTC_ec3ce] Erreur 1
make[1] : on quitte le répertoire « /home/server-adm/robot_ws/src/gym-gazebo/gym_gazebo/envs/installation/catkin_ws/build/CMakeFiles/CMakeTmp »
Makefile:126 : la recette pour la cible « cmTC_ec3ce/fast » a échouée
make: *** [cmTC_ec3ce/fast] Erreur 2


